\BOOKMARK [1][-]{section.1}{\376\377\127\372\147\054\144\315\117\134}{}% 1
\BOOKMARK [2][-]{subsubsection.1.0.1}{\376\377\133\371\173\046\123\367\116\343\121\145\145\160\133\127\154\102\120\074}{section.1}% 2
\BOOKMARK [3][-]{subsubsection.1.0.2}{\376\377\134\006\133\127\173\046\116\062\217\154\116\072\210\150\217\276\137\017}{subsubsection.1.0.1}% 3
\BOOKMARK [3][-]{subsubsection.1.0.3}{\376\377\133\371\210\150\217\276\137\017\154\102\120\074\377\010\145\160\120\074\176\323\147\234\377\011}{subsubsection.1.0.1}% 4
\BOOKMARK [3][-]{subsubsection.1.0.4}{\376\377\133\371\210\150\217\276\137\017\127\050\131\032\116\052\160\271\116\012\154\102\120\074\377\010\116\015\117\177\165\050\137\252\163\257\377\011}{subsubsection.1.0.1}% 5
\BOOKMARK [3][-]{subsubsection.1.0.5}{\376\377\123\026\173\200\210\150\217\276\137\017}{subsubsection.1.0.1}% 6
\BOOKMARK [3][-]{subsubsection.1.0.6}{\376\377\131\032\230\171\137\017\134\125\137\000}{subsubsection.1.0.1}% 7
\BOOKMARK [3][-]{subsubsection.1.0.7}{\376\377\126\340\137\017\122\006\211\343}{subsubsection.1.0.1}% 8
\BOOKMARK [3][-]{subsubsection.1.0.8}{\376\377\147\204\220\040\121\163\116\216\147\320\116\052\162\171\133\232\123\330\221\317\166\204\131\032\230\171\137\017}{subsubsection.1.0.1}% 9
\BOOKMARK [1][-]{section.2}{\376\377\123\026\173\200}{}% 10
\BOOKMARK [2][-]{subsubsection.2.0.1}{\376\377\122\006\137\017\176\246\122\006}{section.2}% 11
\BOOKMARK [3][-]{subsubsection.2.0.2}{\376\377\134\006\122\006\137\017\122\006\211\343\142\020\131\032\116\052\147\011\164\006\122\006\137\017\166\204\124\214}{subsubsection.2.0.1}% 12
\BOOKMARK [3][-]{subsubsection.2.0.3}{\376\377\116\011\211\322\121\375\145\160\123\026\173\200}{subsubsection.2.0.1}% 13
\BOOKMARK [3][-]{subsubsection.2.0.4}{\376\377\116\011\211\322\121\375\145\160\134\125\137\000}{subsubsection.2.0.1}% 14
\BOOKMARK [3][-]{subsubsection.2.0.5}{\376\377\136\102\153\041\123\026\173\200}{subsubsection.2.0.1}% 15
\BOOKMARK [3][-]{subsubsection.2.0.6}{\376\377\136\102\153\041\134\125\137\000}{subsubsection.2.0.1}% 16
\BOOKMARK [3][-]{subsubsection.2.0.7}{\376\377\133\371\145\160\134\125\137\000}{subsubsection.2.0.1}% 17
\BOOKMARK [3][-]{subsubsection.2.0.8}{\376\377\133\371\145\160\124\010\136\166}{subsubsection.2.0.1}% 18
\BOOKMARK [3][-]{subsubsection.2.0.9}{\376\377\226\066\116\130}{subsubsection.2.0.1}% 19
\BOOKMARK [3][-]{subsubsection.2.0.10}{\376\377\176\304\124\010\145\160}{subsubsection.2.0.1}% 20
\BOOKMARK [3][-]{subsubsection.2.0.11}{\376\377\117\075\232\154\121\375\145\160}{subsubsection.2.0.1}% 21
\BOOKMARK [3][-]{subsubsection.2.0.12}{\376\377\215\205\121\340\117\125\122\006\136\003\121\375\145\160}{subsubsection.2.0.1}% 22
\BOOKMARK [1][-]{section.3}{\376\377\137\256\171\357\122\006}{}% 23
\BOOKMARK [2][-]{subsubsection.3.0.1}{\376\377\154\102\133\374}{section.3}% 24
\BOOKMARK [3][-]{subsubsection.3.0.2}{\376\377\171\357\122\006}{subsubsection.3.0.1}% 25
\BOOKMARK [3][-]{subsubsection.3.0.3}{\376\377\147\201\226\120}{subsubsection.3.0.1}% 26
\BOOKMARK [3][-]{subsubsection.3.0.4}{\376\377\176\247\145\160\134\125\137\000}{subsubsection.3.0.1}% 27
\BOOKMARK [1][-]{section.4}{\376\377\167\351\226\065}{}% 28
\BOOKMARK [2][-]{subsubsection.4.0.1}{\376\377\122\033\136\372\167\351\226\065}{section.4}% 29
\BOOKMARK [3][-]{subsubsection.4.0.2}{\376\377\203\267\123\326\167\351\226\065\166\204\210\114\122\027\145\160}{subsubsection.4.0.1}% 30
\BOOKMARK [3][-]{subsubsection.4.0.3}{\376\377\203\267\123\326\167\351\226\065\166\204\147\320\116\000\210\114\142\026\200\005\147\320\116\000\122\027}{subsubsection.4.0.1}% 31
\BOOKMARK [3][-]{subsubsection.4.0.4}{\376\377\122\040\226\144\167\351\226\065\166\204\147\320\116\000\210\114\142\026\200\005\147\320\116\000\122\027}{subsubsection.4.0.1}% 32
\BOOKMARK [3][-]{subsubsection.4.0.5}{\376\377\127\050\167\351\226\065\116\055\143\322\121\145\147\320\116\000\210\114\142\026\200\005\147\320\116\000\122\027}{subsubsection.4.0.1}% 33
\BOOKMARK [3][-]{subsubsection.4.0.6}{\376\377\167\351\226\065\166\204\122\240\121\317\116\130\000`\000`\226\144\000'\000'\217\320\173\227}{subsubsection.4.0.1}% 34
\BOOKMARK [3][-]{subsubsection.4.0.7}{\376\377\147\204\220\040\123\125\117\115\226\065}{subsubsection.4.0.1}% 35
\BOOKMARK [3][-]{subsubsection.4.0.8}{\376\377\147\204\220\040\226\366\167\351\226\065}{subsubsection.4.0.1}% 36
\BOOKMARK [3][-]{subsubsection.4.0.9}{\376\377\147\204\220\040\116\000\167\351\226\065}{subsubsection.4.0.1}% 37
\BOOKMARK [3][-]{subsubsection.4.0.10}{\376\377\147\204\220\040\133\371\211\322\167\351\226\065}{subsubsection.4.0.1}% 38
\BOOKMARK [3][-]{subsubsection.4.0.11}{\376\377\210\114\122\027\137\017}{subsubsection.4.0.1}% 39
\BOOKMARK [3][-]{subsubsection.4.0.12}{\376\377\147\000\173\200\210\114\226\066\150\257\137\142\167\351\226\065}{subsubsection.4.0.1}% 40
\BOOKMARK [3][-]{subsubsection.4.0.13}{\376\377\167\351\226\065\166\204\150\070\172\172\225\364\377\010\226\366\172\172\225\364\377\011}{subsubsection.4.0.1}% 41
\BOOKMARK [3][-]{subsubsection.4.0.14}{\376\377\167\351\226\065\166\204\122\027\124\021\221\317\166\204\176\277\140\047\176\304\124\010\147\204\142\020\166\204\172\172\225\364}{subsubsection.4.0.1}% 42
\BOOKMARK [3][-]{subsubsection.4.0.15}{\376\377\167\351\226\065\162\171\137\201\120\074}{subsubsection.4.0.1}% 43
\BOOKMARK [3][-]{subsubsection.4.0.16}{\376\377\167\351\226\065\162\171\137\201\124\021\221\317}{subsubsection.4.0.1}% 44
\BOOKMARK [3][-]{subsubsection.4.0.17}{\376\377\167\351\226\065\166\370\117\074\133\371\211\322\123\026}{subsubsection.4.0.1}% 45
\BOOKMARK [1][-]{section.5}{\376\377\211\343\145\271\172\013}{}% 46
\BOOKMARK [2][-]{subsubsection.5.0.1}{\376\377\154\102\211\343\116\000\121\103\145\271\172\013}{section.5}% 47
\BOOKMARK [3][-]{subsubsection.5.0.2}{\376\377\154\102\211\343\131\032\121\103\145\271\172\013\176\304}{subsubsection.5.0.1}% 48
\BOOKMARK [3][-]{subsubsection.5.0.3}{\376\377\154\102\211\343\137\256\122\006\145\271\172\013}{subsubsection.5.0.1}% 49
\BOOKMARK [3][-]{subsubsection.5.0.4}{\376\377\154\102\211\343\176\277\140\047\145\271\172\013\176\304}{subsubsection.5.0.1}% 50
